<?xml version="1.0" encoding="UTF-8"?>
<!-- Generated by org.testng.reporters.JUnitReportReporter -->
<testsuite hostname="DESKTOP-VCP4AV6" failures="0" tests="12" name="com.umrahme.umrah.TestListing" time="5.937" errors="0" timestamp="2022-07-03T19:45:46 IST" skipped="0">
  <testcase classname="com.umrahme.umrah.TestListing" name="SelectDestinationerrorfetch" time="0.051"/>
  <system-out/>
  <testcase classname="com.umrahme.umrah.TestListing" name="SelectmeccaStay" time="0.207"/>
  <system-out/>
  <testcase classname="com.umrahme.umrah.TestListing" name="SelectDate" time="0.846"/>
  <system-out/>
  <testcase classname="com.umrahme.umrah.TestListing" name="SelectNationalityerrorfetch" time="0.036"/>
  <system-out/>
  <testcase classname="com.umrahme.umrah.TestListing" name="clickOnTravellers" time="2.437"/>
  <system-out/>
  <testcase classname="com.umrahme.umrah.TestListing" name="selectChild" time="0.288"/>
  <system-out/>
  <testcase classname="com.umrahme.umrah.TestListing" name="SelectDestination" time="0.390"/>
  <system-out/>
  <testcase classname="com.umrahme.umrah.TestListing" name="selectage" time="0.237"/>
  <system-out/>
  <testcase classname="com.umrahme.umrah.TestListing" name="selectAdult" time="0.497"/>
  <system-out/>
  <testcase classname="com.umrahme.umrah.TestListing" name="selectNationality" time="0.440"/>
  <system-out/>
  <testcase classname="com.umrahme.umrah.TestListing" name="selectCountryOfResidence" time="0.454"/>
  <system-out/>
  <testcase classname="com.umrahme.umrah.TestListing" name="meccaerror" time="0.054"/>
  <system-out/>
</testsuite> <!-- com.umrahme.umrah.TestListing -->
