<?xml version="1.0" encoding="UTF-8"?>
<!-- Generated by org.testng.reporters.JUnitReportReporter -->
<testsuite hostname="DESKTOP-VCP4AV6" failures="0" tests="12" name="com.umrahme.umrah.TestListing" time="5.747" errors="0" timestamp="2022-07-04T09:25:49 IST" skipped="0">
  <testcase classname="com.umrahme.umrah.TestListing" name="selectAdult" time="0.629"/>
  <system-out/>
  <testcase classname="com.umrahme.umrah.TestListing" name="clickOnTravellers" time="1.513"/>
  <system-out/>
  <testcase classname="com.umrahme.umrah.TestListing" name="selectNationality" time="0.463"/>
  <system-out/>
  <testcase classname="com.umrahme.umrah.TestListing" name="SelectDestination" time="0.535"/>
  <system-out/>
  <testcase classname="com.umrahme.umrah.TestListing" name="SelectNationalityerrorfetch" time="0.065"/>
  <system-out/>
  <testcase classname="com.umrahme.umrah.TestListing" name="meccaerror" time="0.044"/>
  <system-out/>
  <testcase classname="com.umrahme.umrah.TestListing" name="SelectDestinationerrorfetch" time="0.061"/>
  <system-out/>
  <testcase classname="com.umrahme.umrah.TestListing" name="selectage" time="0.284"/>
  <system-out/>
  <testcase classname="com.umrahme.umrah.TestListing" name="SelectmeccaStay" time="0.462"/>
  <system-out/>
  <testcase classname="com.umrahme.umrah.TestListing" name="selectChild" time="0.348"/>
  <system-out/>
  <testcase classname="com.umrahme.umrah.TestListing" name="SelectDate" time="0.932"/>
  <system-out/>
  <testcase classname="com.umrahme.umrah.TestListing" name="selectCountryOfResidence" time="0.411"/>
  <system-out/>
</testsuite> <!-- com.umrahme.umrah.TestListing -->
