<?xml version="1.0" encoding="UTF-8"?>
<!-- Generated by org.testng.reporters.JUnitReportReporter -->
<testsuite hostname="DESKTOP-VCP4AV6" failures="0" tests="12" name="com.umrahme.umrah.TestListing" time="10.197" errors="0" timestamp="2022-07-02T18:07:34 IST" skipped="0">
  <testcase classname="com.umrahme.umrah.TestListing" name="SelectDate" time="2.486"/>
  <system-out/>
  <testcase classname="com.umrahme.umrah.TestListing" name="SelectDestination" time="0.903"/>
  <system-out/>
  <testcase classname="com.umrahme.umrah.TestListing" name="selectNationality" time="0.790"/>
  <system-out/>
  <testcase classname="com.umrahme.umrah.TestListing" name="selectAdult" time="0.773"/>
  <system-out/>
  <testcase classname="com.umrahme.umrah.TestListing" name="selectChild" time="0.557"/>
  <system-out/>
  <testcase classname="com.umrahme.umrah.TestListing" name="SelectNationalityerrorfetch" time="0.484"/>
  <system-out/>
  <testcase classname="com.umrahme.umrah.TestListing" name="SelectDestinationerrorfetch" time="0.079"/>
  <system-out/>
  <testcase classname="com.umrahme.umrah.TestListing" name="SelectmeccaStay" time="0.456"/>
  <system-out/>
  <testcase classname="com.umrahme.umrah.TestListing" name="selectCountryOfResidence" time="0.810"/>
  <system-out/>
  <testcase classname="com.umrahme.umrah.TestListing" name="clickOnTravellers" time="2.249"/>
  <system-out/>
  <testcase classname="com.umrahme.umrah.TestListing" name="meccaerror" time="0.083"/>
  <system-out/>
  <testcase classname="com.umrahme.umrah.TestListing" name="selectage" time="0.527"/>
  <system-out/>
</testsuite> <!-- com.umrahme.umrah.TestListing -->
